05.09.2021 22:25:11 [INFO    ] Started Thread tfworker2...
05.09.2021 22:25:11 [INFO    ] ***** Got model file #1...
05.09.2021 22:25:11 [INFO    ] ***** Got model buffer #1...
05.09.2021 22:25:11 [INFO    ] ***** Testrun for model #1 done...
05.09.2021 22:25:11 [INFO    ] ***** All Models are ready.
08.09.2021 18:55:24 [INFO    ] Started Thread tfworker2...
08.09.2021 18:55:24 [INFO    ] ***** Got model file #1...
08.09.2021 18:55:24 [INFO    ] ***** Got model buffer #1...
08.09.2021 18:55:24 [INFO    ] ***** Testrun for model #1 done...
08.09.2021 18:55:24 [INFO    ] ***** All Models are ready.
08.09.2021 18:57:43 [INFO    ] Started Thread tfworker2...
08.09.2021 18:57:43 [INFO    ] ***** Got model file #1...
08.09.2021 18:57:43 [INFO    ] ***** Got model buffer #1...
08.09.2021 18:57:43 [INFO    ] ***** Testrun for model #1 done...
08.09.2021 18:57:43 [INFO    ] ***** All Models are ready.
08.09.2021 18:58:24 [INFO    ] Started Thread tfworker2...
08.09.2021 18:58:24 [INFO    ] ***** Got model file #1...
08.09.2021 18:58:24 [INFO    ] ***** Got model buffer #1...
08.09.2021 18:58:24 [INFO    ] ***** Testrun for model #1 done...
08.09.2021 18:58:24 [INFO    ] ***** All Models are ready.
08.09.2021 19:00:03 [INFO    ] Started Thread tfworker2...
08.09.2021 19:00:03 [INFO    ] ***** Got model file #1...
08.09.2021 19:00:03 [INFO    ] ***** Got model buffer #1...
08.09.2021 19:00:03 [INFO    ] ***** Testrun for model #1 done...
08.09.2021 19:00:03 [INFO    ] ***** All Models are ready.
08.09.2021 19:01:46 [INFO    ] Started Thread tfworker2...
08.09.2021 19:01:46 [INFO    ] ***** Got model file #1...
08.09.2021 19:01:46 [INFO    ] ***** Got model buffer #1...
08.09.2021 19:01:46 [INFO    ] ***** Testrun for model #1 done...
08.09.2021 19:01:46 [INFO    ] ***** All Models are ready.
08.09.2021 19:02:05 [INFO    ] Registered client #0
08.09.2021 19:02:05 [INFO    ] Registered client #1
08.09.2021 19:02:05 [INFO    ] Registered client #2
08.09.2021 19:02:05 [INFO    ] Registered client #3
08.09.2021 19:02:05 [INFO    ] Registered client #4
08.09.2021 19:02:05 [INFO    ] Registered client #5
08.09.2021 19:02:05 [INFO    ] Registered client #6
08.09.2021 19:02:06 [INFO    ] Registered client #7
08.09.2021 19:02:10 [INFO    ] Registered client #8
08.09.2021 19:02:10 [INFO    ] Registered client #9
08.09.2021 19:02:10 [INFO    ] Registered client #10
08.09.2021 19:02:10 [INFO    ] Registered client #11
08.09.2021 19:02:10 [INFO    ] Registered client #12
08.09.2021 19:02:10 [INFO    ] Registered client #13
08.09.2021 19:02:10 [INFO    ] Registered client #14
08.09.2021 19:02:10 [INFO    ] Registered client #15
08.09.2021 19:02:10 [INFO    ] Registered client #16
08.09.2021 19:02:10 [INFO    ] Registered client #17
08.09.2021 19:02:10 [INFO    ] Registered client #18
08.09.2021 19:02:10 [INFO    ] Registered client #19
08.09.2021 19:02:11 [INFO    ] Registered client #20
08.09.2021 19:02:11 [INFO    ] Registered client #21
08.09.2021 19:02:11 [INFO    ] Registered client #22
08.09.2021 19:02:11 [INFO    ] Registered client #23
08.09.2021 19:02:11 [INFO    ] Registered client #24
08.09.2021 19:02:11 [INFO    ] Registered client #25
08.09.2021 19:02:11 [INFO    ] Registered client #26
08.09.2021 19:02:11 [INFO    ] Registered client #27
08.09.2021 19:02:11 [INFO    ] Registered client #28
08.09.2021 19:02:13 [INFO    ] Registered client #29
08.09.2021 19:02:13 [INFO    ] Registered client #30
08.09.2021 19:02:14 [INFO    ] Registered client #31
08.09.2021 19:02:15 [INFO    ] Registered client #32
08.09.2021 19:02:16 [INFO    ] Registered client #33
08.09.2021 19:02:18 [INFO    ] Registered client #34
08.09.2021 19:02:18 [INFO    ] Registered client #35
08.09.2021 19:02:22 [INFO    ] Registered client #36
08.09.2021 19:02:25 [INFO    ] Registered client #37
08.09.2021 19:02:27 [INFO    ] Registered client #38
08.09.2021 19:02:27 [INFO    ] Registered client #39
08.09.2021 19:02:27 [INFO    ] Registered client #40
08.09.2021 19:02:27 [INFO    ] Registered client #41
08.09.2021 19:02:28 [INFO    ] Registered client #42
08.09.2021 19:02:29 [INFO    ] Registered client #43
08.09.2021 19:02:31 [INFO    ] Registered client #44
08.09.2021 19:02:32 [INFO    ] Registered client #45
08.09.2021 19:02:34 [INFO    ] Registered client #46
08.09.2021 19:02:34 [INFO    ] Registered client #47
08.09.2021 19:02:35 [INFO    ] Registered client #48
08.09.2021 19:02:35 [INFO    ] Registered client #49
08.09.2021 19:02:35 [INFO    ] Registered client #50
08.09.2021 19:02:35 [INFO    ] Registered client #51
08.09.2021 19:02:35 [INFO    ] Registered client #52
08.09.2021 19:02:37 [INFO    ] Registered client #53
08.09.2021 19:02:37 [INFO    ] Registered client #54
08.09.2021 19:02:38 [INFO    ] Registered client #55
08.09.2021 19:02:39 [INFO    ] Registered client #56
08.09.2021 19:02:41 [INFO    ] Registered client #57
08.09.2021 19:02:46 [INFO    ] Registered client #58
08.09.2021 19:02:46 [INFO    ] Registered client #59
08.09.2021 19:02:47 [INFO    ] Registered client #60
08.09.2021 19:02:49 [INFO    ] Registered client #61
08.09.2021 19:03:02 [INFO    ] Registered client #62
08.09.2021 19:03:06 [INFO    ] Unregistered client #2
08.09.2021 19:03:06 [INFO    ] Registered client #2
08.09.2021 19:03:10 [INFO    ] Unregistered client #3
08.09.2021 19:03:10 [INFO    ] Unregistered client #4
08.09.2021 19:03:10 [INFO    ] Unregistered client #5
08.09.2021 19:03:10 [INFO    ] Unregistered client #6
08.09.2021 19:03:10 [INFO    ] Unregistered client #7
08.09.2021 19:03:10 [INFO    ] Unregistered client #8
08.09.2021 19:03:10 [INFO    ] Unregistered client #9
08.09.2021 19:03:10 [INFO    ] Unregistered client #10
08.09.2021 19:03:10 [INFO    ] Unregistered client #1
08.09.2021 19:03:10 [INFO    ] Unregistered client #11
08.09.2021 19:03:10 [INFO    ] Unregistered client #14
08.09.2021 19:03:10 [INFO    ] Unregistered client #15
08.09.2021 19:03:10 [INFO    ] Unregistered client #16
08.09.2021 19:03:11 [INFO    ] Registered client #1
08.09.2021 19:03:11 [INFO    ] Unregistered client #17
08.09.2021 19:03:11 [INFO    ] Unregistered client #18
08.09.2021 19:03:11 [INFO    ] Unregistered client #19
08.09.2021 19:03:11 [INFO    ] Unregistered client #20
08.09.2021 19:03:11 [INFO    ] Unregistered client #21
08.09.2021 19:03:11 [INFO    ] Unregistered client #22
08.09.2021 19:03:11 [INFO    ] Unregistered client #23
08.09.2021 19:03:12 [INFO    ] Unregistered client #24
08.09.2021 19:03:12 [INFO    ] Unregistered client #25
08.09.2021 19:03:13 [INFO    ] Unregistered client #29
08.09.2021 19:03:13 [INFO    ] Unregistered client #30
08.09.2021 19:03:13 [INFO    ] Registered client #3
08.09.2021 19:03:14 [INFO    ] Unregistered client #31
08.09.2021 19:03:14 [INFO    ] Registered client #4
08.09.2021 19:03:15 [INFO    ] Unregistered client #32
08.09.2021 19:03:15 [INFO    ] Registered client #5
08.09.2021 19:03:15 [INFO    ] Registered client #6
08.09.2021 19:03:16 [INFO    ] Registered client #7
08.09.2021 19:03:16 [INFO    ] Registered client #8
08.09.2021 19:03:16 [INFO    ] Unregistered client #33
08.09.2021 19:03:17 [INFO    ] Registered client #9
08.09.2021 19:03:17 [INFO    ] Registered client #10
08.09.2021 19:03:18 [INFO    ] Registered client #11
08.09.2021 19:03:18 [INFO    ] Registered client #14
08.09.2021 19:03:20 [INFO    ] Registered client #15
08.09.2021 19:03:20 [INFO    ] Registered client #16
08.09.2021 19:03:22 [INFO    ] Registered client #17
08.09.2021 19:03:22 [INFO    ] Registered client #18
08.09.2021 19:03:22 [INFO    ] Registered client #19
08.09.2021 19:03:22 [INFO    ] Unregistered client #36
08.09.2021 19:03:23 [INFO    ] Unregistered client #35
08.09.2021 19:03:24 [INFO    ] Registered client #20
08.09.2021 19:03:26 [INFO    ] Unregistered client #37
08.09.2021 19:03:28 [INFO    ] Unregistered client #38
08.09.2021 19:03:28 [INFO    ] Unregistered client #39
08.09.2021 19:03:28 [INFO    ] Unregistered client #41
08.09.2021 19:03:28 [INFO    ] Registered client #21
08.09.2021 19:03:28 [INFO    ] Unregistered client #42
08.09.2021 19:03:29 [INFO    ] Registered client #22
08.09.2021 19:03:30 [INFO    ] Registered client #23
08.09.2021 19:03:30 [INFO    ] Unregistered client #43
08.09.2021 19:03:31 [INFO    ] Unregistered client #44
08.09.2021 19:03:32 [INFO    ] Unregistered client #12
08.09.2021 19:03:32 [INFO    ] Unregistered client #13
08.09.2021 19:03:32 [INFO    ] Unregistered client #26
08.09.2021 19:03:32 [INFO    ] Unregistered client #34
08.09.2021 19:03:32 [INFO    ] Unregistered client #40
08.09.2021 19:03:32 [INFO    ] Registered client #12
08.09.2021 19:03:32 [INFO    ] Registered client #13
08.09.2021 19:03:32 [INFO    ] Registered client #24
08.09.2021 19:03:33 [INFO    ] Registered client #25
08.09.2021 19:03:33 [INFO    ] Registered client #26
08.09.2021 19:03:34 [INFO    ] Registered client #29
08.09.2021 19:03:34 [INFO    ] Registered client #30
08.09.2021 19:03:35 [INFO    ] Unregistered client #45
08.09.2021 19:03:35 [INFO    ] Unregistered client #46
08.09.2021 19:03:35 [INFO    ] Unregistered client #47
08.09.2021 19:03:35 [INFO    ] Unregistered client #48
08.09.2021 19:03:35 [INFO    ] Unregistered client #51
08.09.2021 19:03:36 [INFO    ] Unregistered client #52
08.09.2021 19:03:37 [INFO    ] Registered client #31
08.09.2021 19:03:37 [INFO    ] Registered client #32
08.09.2021 19:03:37 [INFO    ] Unregistered client #53
08.09.2021 19:03:38 [INFO    ] Registered client #33
08.09.2021 19:03:39 [INFO    ] Registered client #34
08.09.2021 19:03:39 [INFO    ] Registered client #35
08.09.2021 19:03:39 [INFO    ] Unregistered client #49
08.09.2021 19:03:39 [INFO    ] Unregistered client #50
08.09.2021 19:03:39 [INFO    ] Unregistered client #54
08.09.2021 19:03:39 [INFO    ] Unregistered client #55
08.09.2021 19:03:41 [INFO    ] Registered client #36
08.09.2021 19:03:41 [INFO    ] Registered client #37
08.09.2021 19:03:41 [INFO    ] Registered client #38
08.09.2021 19:03:42 [INFO    ] Registered client #39
08.09.2021 19:03:42 [INFO    ] Registered client #40
08.09.2021 19:03:42 [INFO    ] Registered client #41
08.09.2021 19:03:42 [INFO    ] Unregistered client #57
08.09.2021 19:03:45 [INFO    ] Registered client #42
08.09.2021 19:03:46 [INFO    ] Registered client #43
08.09.2021 19:03:46 [INFO    ] Registered client #44
08.09.2021 19:03:47 [INFO    ] Registered client #45
08.09.2021 19:03:47 [INFO    ] Registered client #46
08.09.2021 19:03:47 [INFO    ] Registered client #47
08.09.2021 19:03:48 [INFO    ] Unregistered client #56
08.09.2021 19:03:48 [INFO    ] Unregistered client #58
08.09.2021 19:03:48 [INFO    ] Unregistered client #59
08.09.2021 19:03:48 [INFO    ] Unregistered client #60
08.09.2021 19:03:48 [INFO    ] Registered client #48
08.09.2021 19:03:48 [INFO    ] Registered client #49
08.09.2021 19:03:48 [INFO    ] Registered client #50
08.09.2021 19:03:49 [INFO    ] Registered client #51
08.09.2021 19:03:49 [INFO    ] Registered client #52
08.09.2021 19:03:49 [INFO    ] Registered client #53
08.09.2021 19:03:50 [INFO    ] Unregistered client #61
08.09.2021 19:03:52 [INFO    ] Registered client #54
08.09.2021 19:03:52 [INFO    ] Registered client #55
08.09.2021 19:03:52 [INFO    ] Registered client #56
08.09.2021 19:03:52 [INFO    ] Registered client #57
08.09.2021 19:03:52 [INFO    ] Registered client #58
08.09.2021 19:03:53 [INFO    ] Registered client #59
08.09.2021 19:03:53 [INFO    ] Registered client #60
08.09.2021 19:03:53 [INFO    ] Registered client #61
08.09.2021 19:03:53 [INFO    ] Registered client #63
08.09.2021 19:03:53 [INFO    ] Registered client #64
08.09.2021 19:03:53 [INFO    ] Registered client #65
08.09.2021 19:03:53 [INFO    ] Registered client #66
08.09.2021 19:03:53 [INFO    ] Registered client #67
08.09.2021 19:03:53 [INFO    ] Registered client #68
08.09.2021 19:03:53 [INFO    ] Registered client #69
08.09.2021 19:03:53 [INFO    ] Registered client #70
08.09.2021 19:03:53 [INFO    ] Registered client #71
08.09.2021 19:03:53 [INFO    ] Registered client #72
08.09.2021 19:03:53 [INFO    ] Registered client #73
08.09.2021 19:03:53 [INFO    ] Registered client #74
08.09.2021 19:03:53 [INFO    ] Registered client #75
08.09.2021 19:03:53 [INFO    ] Registered client #76
08.09.2021 19:03:53 [INFO    ] Registered client #77
08.09.2021 19:03:54 [INFO    ] Registered client #78
08.09.2021 19:03:54 [INFO    ] Registered client #79
08.09.2021 19:03:54 [INFO    ] Registered client #80
08.09.2021 19:03:54 [INFO    ] Registered client #81
08.09.2021 19:03:54 [INFO    ] Registered client #82
08.09.2021 19:03:54 [INFO    ] Registered client #83
08.09.2021 19:03:54 [INFO    ] Registered client #84
08.09.2021 19:03:55 [INFO    ] Registered client #85
08.09.2021 19:03:56 [INFO    ] Registered client #86
08.09.2021 19:03:56 [INFO    ] Registered client #87
08.09.2021 19:03:56 [INFO    ] Registered client #88
08.09.2021 19:03:56 [INFO    ] Registered client #89
08.09.2021 19:03:56 [INFO    ] Registered client #90
08.09.2021 19:03:56 [INFO    ] Registered client #91
08.09.2021 19:03:56 [INFO    ] Registered client #92
08.09.2021 19:03:56 [INFO    ] Registered client #93
08.09.2021 19:03:56 [INFO    ] Registered client #94
08.09.2021 19:03:56 [INFO    ] Registered client #95
08.09.2021 19:03:56 [INFO    ] Registered client #96
08.09.2021 19:03:57 [INFO    ] Registered client #97
08.09.2021 19:03:57 [INFO    ] Registered client #98
08.09.2021 19:03:57 [INFO    ] Registered client #99
08.09.2021 19:03:57 [INFO    ] Registered client #100
08.09.2021 19:03:58 [INFO    ] Registered client #101
08.09.2021 19:03:59 [INFO    ] Registered client #102
08.09.2021 19:04:00 [INFO    ] Registered client #103
08.09.2021 19:04:00 [INFO    ] Registered client #104
08.09.2021 19:04:00 [INFO    ] Registered client #105
08.09.2021 19:04:01 [INFO    ] Registered client #106
08.09.2021 19:04:02 [INFO    ] Registered client #107
08.09.2021 19:04:03 [INFO    ] Unregistered client #62
08.09.2021 19:04:05 [INFO    ] Registered client #62
08.09.2021 19:04:05 [INFO    ] Registered client #108
08.09.2021 19:04:05 [INFO    ] Registered client #109
08.09.2021 19:04:06 [INFO    ] Registered client #110
08.09.2021 19:04:08 [INFO    ] Unregistered client #2
